<?xml version="1.0" encoding="UTF-8"?>
<!-- Generated by org.testng.reporters.JUnitXMLReporter -->
<testsuite hostname="LAPTOP-0AN3T2SM" name="Test-Runner-1" tests="1" failures="0" timestamp="27 Jan 2020 09:40:35 GMT" time="40.387" errors="0">
  <testcase name="TestStart" time="26.209" classname="OrganizationTest.CreateOrganizationTest"/>
</testsuite> <!-- Test-Runner-1 -->
