<?xml version="1.0" encoding="UTF-8"?>
<!-- Generated by org.testng.reporters.JUnitReportReporter -->
<testsuite hostname="LAPTOP-0AN3T2SM" name="OrganizationTest.CreateOrganization4Arg" tests="1" failures="0" timestamp="25 Jan 2020 07:48:33 GMT" time="30.541" errors="0">
  <testcase name="TestStart" time="30.541" classname="OrganizationTest.CreateOrganization4Arg"/>
</testsuite> <!-- OrganizationTest.CreateOrganization4Arg -->
